<?xml version="1.0" encoding="UTF-8"?>
<!-- Generated by org.testng.reporters.JUnitXMLReporter -->
<testsuite ignored="0" hostname="Zixiang" failures="14" tests="14" name="Default test" time="87.773" errors="0" timestamp="2022-04-08T19:16:52 SGT">
  <testcase classname="io.cucumber.testng.AbstractTestNGCucumberTests" name="runScenario" time="9.551">
    <failure type="java.lang.NullPointerException">
      <![CDATA[java.lang.NullPointerException
at org.openqa.selenium.support.pagefactory.DefaultElementLocator.findElements(DefaultElementLocator.java:87)
at org.openqa.selenium.support.pagefactory.internal.LocatingElementListHandler.invoke(LocatingElementListHandler.java:37)
at com.sun.proxy.$Proxy29.iterator(Unknown Source)
at pageFactory.BasePage.getItemListByText(BasePage.java:81)
at pageFactory.HomePage.getNavBarItems(HomePage.java:57)
at steps.HomePageNavigationTest.user_should_see_the_following_navigation_bar_item(HomePageNavigationTest.java:35)
at ✽.user should see the following navigation bar item(file:///home/zixiang/git/phase6_project2_medicare_automation_test/src/test/resources/featureFiles/medicare_HomePage.feature:8)
]]>
    </failure>
  </testcase> <!-- runScenario -->
  <testcase classname="io.cucumber.testng.AbstractTestNGCucumberTests" name="runScenario" time="5.901">
    <failure type="java.lang.NullPointerException">
      <![CDATA[java.lang.NullPointerException
at org.openqa.selenium.support.pagefactory.DefaultElementLocator.findElements(DefaultElementLocator.java:87)
at org.openqa.selenium.support.pagefactory.internal.LocatingElementListHandler.invoke(LocatingElementListHandler.java:37)
at com.sun.proxy.$Proxy29.iterator(Unknown Source)
at pageFactory.BasePage.getItemListByText(BasePage.java:81)
at pageFactory.HomePage.getHeaderItems(HomePage.java:62)
at steps.HomePageNavigationTest.user_should_see_the_following_header_for_easy_access_of_purchase(HomePageNavigationTest.java:43)
at ✽.user should see the following header for easy access of purchase(file:///home/zixiang/git/phase6_project2_medicare_automation_test/src/test/resources/featureFiles/medicare_HomePage.feature:17)
]]>
    </failure>
  </testcase> <!-- runScenario -->
  <testcase classname="io.cucumber.testng.AbstractTestNGCucumberTests" name="runScenario" time="5.137">
    <failure type="java.lang.NullPointerException">
      <![CDATA[java.lang.NullPointerException
at org.openqa.selenium.support.ui.FluentWait.until(FluentWait.java:211)
at pageFactory.BasePage.waitAndClickElement(BasePage.java:32)
at pageFactory.HomePage.clickAboutBtn(HomePage.java:32)
at steps.HomePageNavigationTest.user_click_on_about_button(HomePageNavigationTest.java:50)
at ✽.user click on About button(file:///home/zixiang/git/phase6_project2_medicare_automation_test/src/test/resources/featureFiles/medicare_HomePage.feature:23)
]]>
    </failure>
  </testcase> <!-- runScenario -->
  <testcase classname="io.cucumber.testng.AbstractTestNGCucumberTests" name="runScenario" time="5.923">
    <failure type="java.lang.NullPointerException">
      <![CDATA[java.lang.NullPointerException
at org.openqa.selenium.support.ui.FluentWait.until(FluentWait.java:211)
at pageFactory.BasePage.waitAndClickElement(BasePage.java:32)
at pageFactory.HomePage.clickContactBtn(HomePage.java:36)
at steps.HomePageNavigationTest.user_click_on_contact_button(HomePageNavigationTest.java:63)
at ✽.user click on Contact button(file:///home/zixiang/git/phase6_project2_medicare_automation_test/src/test/resources/featureFiles/medicare_HomePage.feature:29)
]]>
    </failure>
  </testcase> <!-- runScenario -->
  <testcase classname="io.cucumber.testng.AbstractTestNGCucumberTests" name="runScenario" time="5.888">
    <failure type="java.lang.NullPointerException">
      <![CDATA[java.lang.NullPointerException
at org.openqa.selenium.support.ui.FluentWait.until(FluentWait.java:211)
at pageFactory.BasePage.waitAndClickElement(BasePage.java:32)
at pageFactory.HomePage.clickListProductsBtn(HomePage.java:40)
at steps.HomePageNavigationTest.user_click_on_view_products_button(HomePageNavigationTest.java:76)
at ✽.user click on View Products button(file:///home/zixiang/git/phase6_project2_medicare_automation_test/src/test/resources/featureFiles/medicare_HomePage.feature:34)
]]>
    </failure>
  </testcase> <!-- runScenario -->
  <testcase classname="io.cucumber.testng.AbstractTestNGCucumberTests" name="runScenario" time="5.652">
    <failure type="java.lang.NullPointerException">
      <![CDATA[java.lang.NullPointerException
at org.openqa.selenium.support.ui.FluentWait.until(FluentWait.java:211)
at pageFactory.BasePage.waitAndClickElement(BasePage.java:32)
at pageFactory.HomePage.clickSignUpBtn(HomePage.java:44)
at steps.HomePageNavigationTest.user_click_on_sign_up_button(HomePageNavigationTest.java:88)
at ✽.user click on Sign Up button(file:///home/zixiang/git/phase6_project2_medicare_automation_test/src/test/resources/featureFiles/medicare_HomePage.feature:39)
]]>
    </failure>
  </testcase> <!-- runScenario -->
  <testcase classname="io.cucumber.testng.AbstractTestNGCucumberTests" name="runScenario" time="5.628">
    <failure type="java.lang.NullPointerException">
      <![CDATA[java.lang.NullPointerException
at org.openqa.selenium.support.ui.FluentWait.until(FluentWait.java:211)
at pageFactory.BasePage.waitAndClickElement(BasePage.java:32)
at pageFactory.HomePage.clickLoginBtn(HomePage.java:48)
at steps.HomePageNavigationTest.user_click_on_login_button(HomePageNavigationTest.java:101)
at ✽.user click on Login button(file:///home/zixiang/git/phase6_project2_medicare_automation_test/src/test/resources/featureFiles/medicare_HomePage.feature:44)
]]>
    </failure>
  </testcase> <!-- runScenario -->
  <testcase classname="io.cucumber.testng.AbstractTestNGCucumberTests" name="runScenario" time="5.831">
    <failure type="java.lang.NullPointerException">
      <![CDATA[java.lang.NullPointerException
at org.openqa.selenium.support.ui.FluentWait.until(FluentWait.java:211)
at pageFactory.BasePage.waitAndClickElement(BasePage.java:32)
at pageFactory.HomePage.clickLoginBtn(HomePage.java:48)
at steps.HomePageNavigationTest.user_click_on_login_button(HomePageNavigationTest.java:101)
at ✽.user click on Login button(file:///home/zixiang/git/phase6_project2_medicare_automation_test/src/test/resources/featureFiles/medicare_HomePage.feature:49)
]]>
    </failure>
  </testcase> <!-- runScenario -->
  <testcase classname="io.cucumber.testng.AbstractTestNGCucumberTests" name="runScenario" time="6.284">
    <failure type="java.lang.NullPointerException">
      <![CDATA[java.lang.NullPointerException
at org.openqa.selenium.support.ui.FluentWait.until(FluentWait.java:211)
at pageFactory.BasePage.waitAndClickElement(BasePage.java:32)
at pageFactory.HomePage.clickSignUpBtn(HomePage.java:44)
at steps.SignUpTest.user_navigate_to_sign_up_page(SignUpTest.java:29)
at ✽.User navigate to Sign Up page(file:///home/zixiang/git/phase6_project2_medicare_automation_test/src/test/resources/featureFiles/medicare_SignUp.feature:5)
]]>
    </failure>
  </testcase> <!-- runScenario -->
  <testcase classname="io.cucumber.testng.AbstractTestNGCucumberTests" name="runScenario" time="6.397">
    <failure type="java.lang.NullPointerException">
      <![CDATA[java.lang.NullPointerException
at org.openqa.selenium.support.ui.FluentWait.until(FluentWait.java:211)
at pageFactory.BasePage.waitAndClickElement(BasePage.java:32)
at pageFactory.HomePage.clickSignUpBtn(HomePage.java:44)
at steps.SignUpTest.user_navigate_to_sign_up_page(SignUpTest.java:29)
at ✽.User navigate to Sign Up page(file:///home/zixiang/git/phase6_project2_medicare_automation_test/src/test/resources/featureFiles/medicare_SignUp.feature:5)
]]>
    </failure>
  </testcase> <!-- runScenario -->
  <testcase classname="io.cucumber.testng.AbstractTestNGCucumberTests" name="runScenario" time="5.917">
    <failure type="java.lang.NullPointerException">
      <![CDATA[java.lang.NullPointerException
at org.openqa.selenium.support.ui.FluentWait.until(FluentWait.java:211)
at pageFactory.BasePage.waitAndClickElement(BasePage.java:32)
at pageFactory.HomePage.clickSignUpBtn(HomePage.java:44)
at steps.SignUpTest.user_navigate_to_sign_up_page(SignUpTest.java:29)
at ✽.User navigate to Sign Up page(file:///home/zixiang/git/phase6_project2_medicare_automation_test/src/test/resources/featureFiles/medicare_SignUp.feature:5)
]]>
    </failure>
  </testcase> <!-- runScenario -->
  <testcase classname="io.cucumber.testng.AbstractTestNGCucumberTests" name="runScenario" time="6.141">
    <failure type="java.lang.NullPointerException">
      <![CDATA[java.lang.NullPointerException
at org.openqa.selenium.support.ui.FluentWait.until(FluentWait.java:211)
at pageFactory.BasePage.waitAndClickElement(BasePage.java:32)
at pageFactory.HomePage.clickSignUpBtn(HomePage.java:44)
at steps.SignUpTest.user_navigate_to_sign_up_page(SignUpTest.java:29)
at ✽.User navigate to Sign Up page(file:///home/zixiang/git/phase6_project2_medicare_automation_test/src/test/resources/featureFiles/medicare_SignUp.feature:5)
]]>
    </failure>
  </testcase> <!-- runScenario -->
  <testcase classname="io.cucumber.testng.AbstractTestNGCucumberTests" name="runScenario" time="7.039">
    <failure type="java.lang.NullPointerException">
      <![CDATA[java.lang.NullPointerException
at org.openqa.selenium.support.ui.FluentWait.until(FluentWait.java:211)
at pageFactory.BasePage.waitAndClickElement(BasePage.java:32)
at pageFactory.HomePage.clickSignUpBtn(HomePage.java:44)
at steps.SignUpTest.user_navigate_to_sign_up_page(SignUpTest.java:29)
at ✽.User navigate to Sign Up page(file:///home/zixiang/git/phase6_project2_medicare_automation_test/src/test/resources/featureFiles/medicare_SignUp.feature:5)
]]>
    </failure>
  </testcase> <!-- runScenario -->
  <testcase classname="io.cucumber.testng.AbstractTestNGCucumberTests" name="runScenario" time="6.025">
    <failure type="java.lang.NullPointerException">
      <![CDATA[java.lang.NullPointerException
at org.openqa.selenium.support.ui.FluentWait.until(FluentWait.java:211)
at pageFactory.BasePage.waitAndClickElement(BasePage.java:32)
at pageFactory.HomePage.clickSignUpBtn(HomePage.java:44)
at steps.SignUpTest.user_navigate_to_sign_up_page(SignUpTest.java:29)
at ✽.User navigate to Sign Up page(file:///home/zixiang/git/phase6_project2_medicare_automation_test/src/test/resources/featureFiles/medicare_SignUp.feature:5)
]]>
    </failure>
  </testcase> <!-- runScenario -->
</testsuite> <!-- Default test -->
