<?xml version="1.0" encoding="UTF-8"?>
<!-- Generated by org.testng.reporters.JUnitReportReporter -->
<testsuite hostname="Zixiang" failures="1" tests="14" name="runner.RegressionRunner" time="218.558" errors="0" timestamp="2022-04-06T17:41:41 SGT" skipped="0">
  <testcase classname="runner.RegressionRunner" name="runScenario" time="6.272"/>
  <system-out/>
  <testcase classname="runner.RegressionRunner" name="runScenario" time="5.659"/>
  <system-out/>
  <testcase classname="runner.RegressionRunner" name="runScenario" time="6.344"/>
  <system-out/>
  <testcase classname="runner.RegressionRunner" name="runScenario" time="35.035"/>
  <system-out/>
  <testcase classname="runner.RegressionRunner" name="runScenario" time="6.544"/>
  <system-out/>
  <testcase classname="runner.RegressionRunner" name="runScenario" time="6.161"/>
  <system-out/>
  <testcase classname="runner.RegressionRunner" name="runScenario" time="22.884"/>
  <system-out/>
  <testcase classname="runner.RegressionRunner" name="runScenario" time="31.888"/>
  <system-out/>
  <testcase classname="runner.RegressionRunner" name="runScenario" time="7.212"/>
  <system-out/>
  <testcase classname="runner.RegressionRunner" name="runScenario" time="6.953"/>
  <system-out/>
  <testcase classname="runner.RegressionRunner" name="runScenario" time="22.424">
    <failure message="Did not go back to Sign Up - Personal page expected [Sign Up - Personal] but found [Sign Up - Address]" type="java.lang.AssertionError">
      <![CDATA[java.lang.AssertionError: Did not go back to Sign Up - Personal page expected [Sign Up - Personal] but found [Sign Up - Address]
at org.testng.Assert.fail(Assert.java:99)
at org.testng.Assert.failNotEquals(Assert.java:1037)
at org.testng.Assert.assertEqualsImpl(Assert.java:140)
at org.testng.Assert.assertEquals(Assert.java:122)
at org.testng.Assert.assertEquals(Assert.java:629)
at steps.SignUpTest.it_should_bring_user_back_to_sign_up_personal_page(SignUpTest.java:156)
at âœ½.It should bring user back to Sign Up - Personal page(file:///home/zixiang/eclipse-workspace/medicare_automation_test/src/test/resources/featureFiles/medicare_SignUp.feature:82)
]]>
    </failure>
  </testcase> <!-- runScenario -->
  <system-out/>
  <testcase classname="runner.RegressionRunner" name="runScenario" time="6.906"/>
  <system-out/>
  <testcase classname="runner.RegressionRunner" name="runScenario" time="31.472"/>
  <system-out/>
  <testcase classname="runner.RegressionRunner" name="runScenario" time="22.804"/>
  <system-out/>
</testsuite> <!-- runner.RegressionRunner -->
